<?xml version="1.0" encoding="UTF-8"?>
<!-- Generated by org.testng.reporters.JUnitReportReporter -->
<testsuite hostname="AARTHI-SURESH" failures="0" tests="2" name="pageObjects.registerpage" time="0.000" errors="0" timestamp="2023-05-22T16:40:24 EDT" skipped="2">
  <testcase classname="pageObjects.registerpage" name="reg2" time="0.000">
    <skipped/>
  </testcase> <!-- reg2 -->
  <system-out/>
  <testcase classname="pageObjects.registerpage" name="reg1" time="0.000">
    <skipped/>
  </testcase> <!-- reg1 -->
  <system-out/>
</testsuite> <!-- pageObjects.registerpage -->
