<?xml version="1.0" encoding="UTF-8"?>
<!-- Generated by org.testng.reporters.JUnitReportReporter -->
<testsuite hostname="AARTHI-SURESH" failures="0" tests="1" name="logger.LoggerTest" time="0.000" errors="0" timestamp="2023-05-22T16:40:24 EDT" skipped="1">
  <testcase classname="logger.LoggerTest" name="tst01_TestingLog" time="0.000">
    <skipped/>
  </testcase> <!-- tst01_TestingLog -->
  <system-out/>
</testsuite> <!-- logger.LoggerTest -->
