<?xml version="1.0" encoding="UTF-8"?>
<!-- Generated by org.testng.reporters.JUnitReportReporter -->
<testsuite hostname="AARTHI-SURESH" failures="0" tests="2" name="pageObjects.homepage" time="0.000" errors="0" timestamp="2023-05-22T16:40:24 EDT" skipped="2">
  <testcase classname="pageObjects.homepage" name="home2" time="0.000">
    <skipped/>
  </testcase> <!-- home2 -->
  <system-out/>
  <testcase classname="pageObjects.homepage" name="home3" time="0.000">
    <skipped/>
  </testcase> <!-- home3 -->
  <system-out/>
</testsuite> <!-- pageObjects.homepage -->
