<?xml version="1.0" encoding="UTF-8"?>
<!-- Generated by org.testng.reporters.JUnitReportReporter -->
<testsuite hostname="AARTHI-SURESH" failures="0" tests="1" name="standalonecode.homesteps" time="34.508" errors="0" timestamp="2023-05-10T14:51:40 EDT" skipped="0">
  <testcase classname="standalonecode.homesteps" name="home3" time="34.508"/>
  <system-out/>
</testsuite> <!-- standalonecode.homesteps -->
