<?xml version="1.0" encoding="UTF-8"?>
<!-- Generated by org.testng.reporters.JUnitReportReporter -->
<testsuite hostname="AARTHI-SURESH" failures="0" tests="1" name="pageObjects.homesteps" time="63.405" errors="0" timestamp="2023-05-12T15:24:46 EDT" skipped="0">
  <testcase classname="pageObjects.homesteps" name="home2" time="63.405"/>
  <system-out/>
</testsuite> <!-- pageObjects.homesteps -->
