<?xml version="1.0" encoding="UTF-8"?>
<!-- Generated by org.testng.reporters.JUnitReportReporter -->
<testsuite hostname="AARTHI-SURESH" failures="0" tests="10" name="test_suite.Module1" time="0.061" errors="0" timestamp="2023-04-17T01:19:23 EDT" skipped="0">
  <testcase classname="test_suite.Module1" name="test003" time="0.006"/>
  <system-out/>
  <testcase classname="test_suite.Module1" name="login" time="0.002"/>
  <system-out/>
  <testcase classname="test_suite.Module1" name="login" time="0.004"/>
  <system-out/>
  <testcase classname="test_suite.Module1" name="test003" time="0.003"/>
  <system-out/>
  <testcase classname="test_suite.Module1" name="test002" time="0.003"/>
  <system-out/>
  <testcase classname="test_suite.Module1" name="test001" time="0.002"/>
  <system-out/>
  <testcase classname="test_suite.Module1" name="login" time="0.011"/>
  <system-out/>
  <testcase classname="test_suite.Module1" name="test002" time="0.001"/>
  <system-out/>
  <testcase classname="test_suite.Module1" name="test001" time="0.021"/>
  <system-out/>
  <testcase classname="test_suite.Module1" name="login" time="0.008"/>
  <system-out/>
</testsuite> <!-- test_suite.Module1 -->
