<?xml version="1.0" encoding="UTF-8"?>
<!-- Generated by org.testng.reporters.JUnitReportReporter -->
<testsuite hostname="AARTHI-SURESH" failures="0" tests="6" name="test_suite.Module2" time="0.009" errors="0" timestamp="2023-04-17T01:19:23 EDT" skipped="0">
  <testcase classname="test_suite.Module2" name="test001" time="0.002"/>
  <system-out/>
  <testcase classname="test_suite.Module2" name="test003" time="0.000"/>
  <system-out/>
  <testcase classname="test_suite.Module2" name="test001" time="0.003"/>
  <system-out/>
  <testcase classname="test_suite.Module2" name="test002" time="0.001"/>
  <system-out/>
  <testcase classname="test_suite.Module2" name="test003" time="0.002"/>
  <system-out/>
  <testcase classname="test_suite.Module2" name="test002" time="0.001"/>
  <system-out/>
</testsuite> <!-- test_suite.Module2 -->
